<?xml version="1.0" encoding="UTF-8"?>
<!-- Generated by org.testng.reporters.JUnitXMLReporter -->
<testsuite ignored="0" hostname="birendras-MacBook-Air.local" failures="1" tests="1" name="VerifyLogin" time="1.657" errors="0" timestamp="2020-05-27T11:43:27 EDT">
  <testcase classname="testCase.VerifyLoginPage" name="verifyLoginPage" time="1.648">
    <failure type="java.lang.IllegalArgumentException" message="Cannot find elements when the XPath is null.">
      <![CDATA[java.lang.IllegalArgumentException: Cannot find elements when the XPath is null.
at org.openqa.selenium.By$ByXPath.<init>(By.java:339)
at org.openqa.selenium.By.xpath(By.java:92)
at testCase.VerifyLoginPage.verifyLoginPage(VerifyLoginPage.java:18)
at java.base/java.util.ArrayList.forEach(ArrayList.java:1510)
... Removed 30 stack frames]]>
    </failure>
  </testcase> <!-- verifyLoginPage -->
</testsuite> <!-- VerifyLogin -->
