<?xml version="1.0" encoding="UTF-8"?>
<!-- Generated by org.testng.reporters.JUnitXMLReporter -->
<testsuite ignored="0" hostname="birendras-MacBook-Air.local" failures="1" tests="1" name="Login" time="8.336" errors="0" timestamp="2020-06-15T13:46:20 EDT">
  <testcase classname="testCase.Login" name="login" time="7.627">
    <failure type="java.lang.AssertionError" message="Failed">
      <![CDATA[java.lang.AssertionError: Failed
at testCase.Login.login(Login.java:29)
at java.base/java.util.ArrayList.forEach(ArrayList.java:1510)
... Removed 28 stack frames]]>
    </failure>
  </testcase> <!-- login -->
</testsuite> <!-- Login -->
