<?xml version="1.0" encoding="UTF-8"?>
<!-- Generated by org.testng.reporters.JUnitXMLReporter -->
<testsuite ignored="0" hostname="birendras-MacBook-Air.local" failures="0" tests="4" name="parameter" time="92.081" errors="0" timestamp="2020-06-28T02:15:33 EDT">
  <testcase classname="testCase.Parameter" name="parameter" time="22.455"/>
  <testcase classname="testCase.Parameter" name="parameter" time="23.555"/>
  <testcase classname="testCase.Parameter" name="parameter" time="23.577"/>
  <testcase classname="testCase.Parameter" name="parameter" time="22.35"/>
</testsuite> <!-- parameter -->
