<?xml version="1.0" encoding="UTF-8"?>
<!-- Generated by org.testng.reporters.JUnitXMLReporter -->
<testsuite ignored="0" hostname="birendras-MacBook-Air.local" failures="0" tests="2" name="Registration" time="0.245" errors="0" timestamp="2020-06-28T02:13:29 EDT">
  <testcase classname="testCase.Registration" name="registration" time="0.012">
    <skipped/>
  </testcase> <!-- registration -->
  <testcase classname="testCase.Registration" name="registration" time="0.005">
    <skipped/>
  </testcase> <!-- registration -->
</testsuite> <!-- Registration -->
