<?xml version="1.0" encoding="UTF-8"?>
<!-- Generated by org.testng.reporters.JUnitXMLReporter -->
<testsuite ignored="6" hostname="birendras-MacBook-Air.local" failures="0" tests="5" name="Test" time="3.399" errors="0" timestamp="2020-05-31T01:57:23 EDT">
  <testcase classname="testCase.Registration" name="registerUser" time="1.101"/>
  <testcase classname="testCase.Registration" name="registerUser" time="1.244"/>
  <testcase classname="testCase.Login" name="loginUser" time="0.001"/>
  <testcase classname="testCase.Ordering" name="orderItems" time="0.001"/>
  <testcase classname="testCase.VerifyLoginPage" name="verifyLoginPage" time="1.008"/>
  <testcase classname="base.TestBase" name="@BeforeSuite startDriver" time="0.0">
    <ignored/>
  </testcase> <!-- @BeforeSuite startDriver -->
  <testcase classname="base.TestBase" name="@BeforeSuite startDriver" time="0.0">
    <ignored/>
  </testcase> <!-- @BeforeSuite startDriver -->
  <testcase classname="base.TestBase" name="@BeforeSuite startDriver" time="0.0">
    <ignored/>
  </testcase> <!-- @BeforeSuite startDriver -->
  <testcase classname="base.TestBase" name="@AfterSuite endDriver" time="0.0">
    <ignored/>
  </testcase> <!-- @AfterSuite endDriver -->
  <testcase classname="base.TestBase" name="@AfterSuite endDriver" time="0.0">
    <ignored/>
  </testcase> <!-- @AfterSuite endDriver -->
  <testcase classname="base.TestBase" name="@AfterSuite endDriver" time="0.0">
    <ignored/>
  </testcase> <!-- @AfterSuite endDriver -->
</testsuite> <!-- Test -->
