<?xml version="1.0" encoding="UTF-8"?>
<testng-results ignored="0" total="5" passed="4" failed="1" skipped="0">
  <reporter-output>
    <line>
      <![CDATA[Login complete]]>
    </line>
    <line>
      <![CDATA[Order complete]]>
    </line>
    <line>
      <![CDATA[Registration complete]]>
    </line>
    <line>
      <![CDATA[Registration complete]]>
    </line>
  </reporter-output>
  <suite started-at="2020-05-27T11:43:17 EDT" name="Simple Data Driven Framework" finished-at="2020-05-27T11:43:27 EDT" duration-ms="9448">
    <groups>
    </groups>
    <test started-at="2020-05-27T11:43:17 EDT" name="Login" finished-at="2020-05-27T11:43:17 EDT" duration-ms="21">
      <class name="testCase.Login">
        <test-method signature="loginUser()[pri:0, instance:testCase.Login@f68f0dc]" started-at="2020-05-27T11:43:17 EDT" name="loginUser" finished-at="2020-05-27T11:43:17 EDT" duration-ms="3" status="PASS">
          <reporter-output>
            <line>
              <![CDATA[Login complete]]>
            </line>
          </reporter-output>
        </test-method> <!-- loginUser -->
      </class> <!-- testCase.Login -->
    </test> <!-- Login -->
    <test started-at="2020-05-27T11:43:22 EDT" name="OrderItems" finished-at="2020-05-27T11:43:22 EDT" duration-ms="3">
      <class name="testCase.Ordering">
        <test-method signature="orderItems()[pri:0, instance:testCase.Ordering@415b0b49]" started-at="2020-05-27T11:43:22 EDT" name="orderItems" finished-at="2020-05-27T11:43:22 EDT" duration-ms="1" status="PASS">
          <reporter-output>
            <line>
              <![CDATA[Order complete]]>
            </line>
          </reporter-output>
        </test-method> <!-- orderItems -->
      </class> <!-- testCase.Ordering -->
    </test> <!-- OrderItems -->
    <test started-at="2020-05-27T11:43:22 EDT" name="Registration" finished-at="2020-05-27T11:43:25 EDT" duration-ms="2729">
      <class name="testCase.Registration">
        <test-method signature="registerUser(java.util.Hashtable)[pri:0, instance:testCase.Registration@10289886]" started-at="2020-05-27T11:43:22 EDT" name="registerUser" data-provider="getData" finished-at="2020-05-27T11:43:24 EDT" duration-ms="1506" status="PASS">
          <params>
            <param index="0">
              <value>
                <![CDATA[{zipCode=11111.0, lastName=Chand, firstName=Birendra, emailAddress=abctest@test.com}]]>
              </value>
            </param>
          </params>
          <reporter-output>
            <line>
              <![CDATA[Registration complete]]>
            </line>
          </reporter-output>
        </test-method> <!-- registerUser -->
        <test-method signature="registerUser(java.util.Hashtable)[pri:0, instance:testCase.Registration@10289886]" started-at="2020-05-27T11:43:24 EDT" name="registerUser" data-provider="getData" finished-at="2020-05-27T11:43:25 EDT" duration-ms="1198" status="PASS">
          <params>
            <param index="0">
              <value>
                <![CDATA[{zipCode=22222.0, lastName=Chand, firstName=Bivek, emailAddress=helo@test.com}]]>
              </value>
            </param>
          </params>
          <reporter-output>
            <line>
              <![CDATA[Registration complete]]>
            </line>
          </reporter-output>
        </test-method> <!-- registerUser -->
      </class> <!-- testCase.Registration -->
    </test> <!-- Registration -->
    <test started-at="2020-05-27T11:43:25 EDT" name="VerifyLogin" finished-at="2020-05-27T11:43:27 EDT" duration-ms="1657">
      <class name="testCase.VerifyLoginPage">
        <test-method is-config="true" signature="startDriver()[pri:0, instance:testCase.VerifyLoginPage@769a1df5]" started-at="2020-05-27T11:43:12 EDT" name="startDriver" finished-at="2020-05-27T11:43:17 EDT" duration-ms="4905" status="PASS">
          <reporter-output>
          </reporter-output>
        </test-method> <!-- startDriver -->
        <test-method signature="verifyLoginPage()[pri:0, instance:testCase.VerifyLoginPage@769a1df5]" started-at="2020-05-27T11:43:25 EDT" name="verifyLoginPage" finished-at="2020-05-27T11:43:27 EDT" duration-ms="1648" status="FAIL">
          <exception class="java.lang.IllegalArgumentException">
            <message>
              <![CDATA[Cannot find elements when the XPath is null.]]>
            </message>
            <full-stacktrace>
              <![CDATA[java.lang.IllegalArgumentException: Cannot find elements when the XPath is null.
at org.openqa.selenium.By$ByXPath.<init>(By.java:339)
at org.openqa.selenium.By.xpath(By.java:92)
at testCase.VerifyLoginPage.verifyLoginPage(VerifyLoginPage.java:18)
at java.base/jdk.internal.reflect.NativeMethodAccessorImpl.invoke0(Native Method)
at java.base/jdk.internal.reflect.NativeMethodAccessorImpl.invoke(NativeMethodAccessorImpl.java:62)
at java.base/jdk.internal.reflect.DelegatingMethodAccessorImpl.invoke(DelegatingMethodAccessorImpl.java:43)
at java.base/java.lang.reflect.Method.invoke(Method.java:564)
at org.testng.internal.MethodInvocationHelper.invokeMethod(MethodInvocationHelper.java:134)
at org.testng.internal.TestInvoker.invokeMethod(TestInvoker.java:597)
at org.testng.internal.TestInvoker.invokeTestMethod(TestInvoker.java:173)
at org.testng.internal.MethodRunner.runInSequence(MethodRunner.java:46)
at org.testng.internal.TestInvoker$MethodInvocationAgent.invoke(TestInvoker.java:816)
at org.testng.internal.TestInvoker.invokeTestMethods(TestInvoker.java:146)
at org.testng.internal.TestMethodWorker.invokeTestMethods(TestMethodWorker.java:146)
at org.testng.internal.TestMethodWorker.run(TestMethodWorker.java:128)
at java.base/java.util.ArrayList.forEach(ArrayList.java:1510)
at org.testng.TestRunner.privateRun(TestRunner.java:766)
at org.testng.TestRunner.run(TestRunner.java:587)
at org.testng.SuiteRunner.runTest(SuiteRunner.java:384)
at org.testng.SuiteRunner.runSequentially(SuiteRunner.java:378)
at org.testng.SuiteRunner.privateRun(SuiteRunner.java:337)
at org.testng.SuiteRunner.run(SuiteRunner.java:286)
at org.testng.SuiteRunnerWorker.runSuite(SuiteRunnerWorker.java:53)
at org.testng.SuiteRunnerWorker.run(SuiteRunnerWorker.java:96)
at org.testng.TestNG.runSuitesSequentially(TestNG.java:1187)
at org.testng.TestNG.runSuitesLocally(TestNG.java:1109)
at org.testng.TestNG.runSuites(TestNG.java:1039)
at org.testng.TestNG.run(TestNG.java:1007)
at org.apache.maven.surefire.testng.TestNGExecutor.run(TestNGExecutor.java:295)
at org.apache.maven.surefire.testng.TestNGXmlTestSuite.execute(TestNGXmlTestSuite.java:84)
at org.apache.maven.surefire.testng.TestNGProvider.invoke(TestNGProvider.java:90)
at org.apache.maven.surefire.booter.ForkedBooter.invokeProviderInSameClassLoader(ForkedBooter.java:203)
at org.apache.maven.surefire.booter.ForkedBooter.runSuitesInProcess(ForkedBooter.java:155)
at org.apache.maven.surefire.booter.ForkedBooter.main(ForkedBooter.java:103)
]]>
            </full-stacktrace>
          </exception> <!-- java.lang.IllegalArgumentException -->
          <reporter-output>
          </reporter-output>
        </test-method> <!-- verifyLoginPage -->
        <test-method is-config="true" signature="endDriver()[pri:0, instance:testCase.VerifyLoginPage@769a1df5]" started-at="2020-05-27T11:43:27 EDT" name="endDriver" finished-at="2020-05-27T11:43:27 EDT" duration-ms="96" status="PASS">
          <reporter-output>
          </reporter-output>
        </test-method> <!-- endDriver -->
      </class> <!-- testCase.VerifyLoginPage -->
    </test> <!-- VerifyLogin -->
  </suite> <!-- Simple Data Driven Framework -->
</testng-results>
