<?xml version="1.0" encoding="UTF-8"?>
<testng-results ignored="4" total="7" passed="3" failed="0" skipped="0">
  <reporter-output>
  </reporter-output>
  <suite started-at="2020-05-25T21:51:56 EDT" name="Suite" finished-at="2020-05-25T21:51:57 EDT" duration-ms="23">
    <groups>
    </groups>
    <test started-at="2020-05-25T21:51:56 EDT" name="Test" finished-at="2020-05-25T21:51:57 EDT" duration-ms="23">
      <class name="testCase.Registration">
        <test-method signature="registerUser()[pri:0, instance:testCase.Registration@6ee12bac]" started-at="2020-05-25T21:51:57 EDT" name="registerUser" finished-at="2020-05-25T21:51:57 EDT" duration-ms="0" status="PASS">
          <reporter-output>
          </reporter-output>
        </test-method> <!-- registerUser -->
      </class> <!-- testCase.Registration -->
      <class name="testCase.Login">
        <test-method is-config="true" signature="startDriver()[pri:0, instance:testCase.Login@36f0f1be]" started-at="2020-05-25T21:51:53 EDT" name="startDriver" finished-at="2020-05-25T21:51:56 EDT" duration-ms="3280" status="PASS">
          <reporter-output>
          </reporter-output>
        </test-method> <!-- startDriver -->
        <test-method signature="loginUser()[pri:0, instance:testCase.Login@36f0f1be]" started-at="2020-05-25T21:51:56 EDT" name="loginUser" finished-at="2020-05-25T21:51:56 EDT" duration-ms="2" status="PASS">
          <reporter-output>
          </reporter-output>
        </test-method> <!-- loginUser -->
        <test-method is-config="true" signature="endDriver()[pri:0, instance:testCase.Login@36f0f1be]" started-at="2020-05-25T21:52:02 EDT" name="endDriver" finished-at="2020-05-25T21:52:02 EDT" duration-ms="102" status="PASS">
          <reporter-output>
          </reporter-output>
        </test-method> <!-- endDriver -->
      </class> <!-- testCase.Login -->
      <class name="testCase.Ordering">
        <test-method signature="orderItems()[pri:0, instance:testCase.Ordering@157632c9]" started-at="2020-05-25T21:51:57 EDT" name="orderItems" finished-at="2020-05-25T21:51:57 EDT" duration-ms="0" status="PASS">
          <reporter-output>
          </reporter-output>
        </test-method> <!-- orderItems -->
      </class> <!-- testCase.Ordering -->
    </test> <!-- Test -->
  </suite> <!-- Suite -->
</testng-results>
