<?xml version="1.0" encoding="UTF-8"?>
<!-- Generated by org.testng.reporters.JUnitXMLReporter -->
<testsuite ignored="4" hostname="birendras-MacBook-Air.local" failures="0" tests="4" name="Test" time="2.482" errors="0" timestamp="2020-05-26T19:42:36 EDT">
  <testcase classname="testCase.Login" name="loginUser" time="0.004"/>
  <testcase classname="testCase.Ordering" name="orderItems" time="0.001"/>
  <testcase classname="testCase.Registration" name="registerUser" time="1.219"/>
  <testcase classname="testCase.Registration" name="registerUser" time="1.211"/>
  <testcase classname="base.TestBase" name="@BeforeSuite startDriver" time="0.0">
    <ignored/>
  </testcase> <!-- @BeforeSuite startDriver -->
  <testcase classname="base.TestBase" name="@BeforeSuite startDriver" time="0.0">
    <ignored/>
  </testcase> <!-- @BeforeSuite startDriver -->
  <testcase classname="base.TestBase" name="@AfterSuite endDriver" time="0.0">
    <ignored/>
  </testcase> <!-- @AfterSuite endDriver -->
  <testcase classname="base.TestBase" name="@AfterSuite endDriver" time="0.0">
    <ignored/>
  </testcase> <!-- @AfterSuite endDriver -->
</testsuite> <!-- Test -->
