<?xml version="1.0" encoding="UTF-8"?>
<testng-results ignored="0" total="2" passed="2" failed="0" skipped="0">
  <reporter-output>
  </reporter-output>
  <suite started-at="2020-05-31T00:34:40 EDT" name="Default suite" finished-at="2020-05-31T00:34:43 EDT" duration-ms="2611">
    <groups>
    </groups>
    <test started-at="2020-05-31T00:34:40 EDT" name="Default test" finished-at="2020-05-31T00:34:43 EDT" duration-ms="2611">
      <class name="testCase.Registration">
        <test-method is-config="true" signature="startDriver()[pri:0, instance:testCase.Registration@4fbe37eb]" started-at="2020-05-31T00:34:37 EDT" name="startDriver" finished-at="2020-05-31T00:34:40 EDT" duration-ms="3828" status="PASS">
          <reporter-output>
          </reporter-output>
        </test-method> <!-- startDriver -->
        <test-method signature="registerUser(java.util.Hashtable)[pri:0, instance:testCase.Registration@4fbe37eb]" started-at="2020-05-31T00:34:40 EDT" name="registerUser" data-provider="getData" finished-at="2020-05-31T00:34:42 EDT" duration-ms="1136" status="PASS">
          <params>
            <param index="0">
              <value>
                <![CDATA[{zipCode=11111.0, lastName=Chand, firstName=Birendra, emailAddress=abctest@test.com}]]>
              </value>
            </param>
          </params>
          <reporter-output>
          </reporter-output>
        </test-method> <!-- registerUser -->
        <test-method signature="registerUser(java.util.Hashtable)[pri:0, instance:testCase.Registration@4fbe37eb]" started-at="2020-05-31T00:34:42 EDT" name="registerUser" data-provider="getData" finished-at="2020-05-31T00:34:43 EDT" duration-ms="1429" status="PASS">
          <params>
            <param index="0">
              <value>
                <![CDATA[{zipCode=22222.0, lastName=Chand, firstName=Bivek, emailAddress=helo@test.com}]]>
              </value>
            </param>
          </params>
          <reporter-output>
          </reporter-output>
        </test-method> <!-- registerUser -->
        <test-method is-config="true" signature="endDriver()[pri:0, instance:testCase.Registration@4fbe37eb]" started-at="2020-05-31T00:34:48 EDT" name="endDriver" finished-at="2020-05-31T00:34:48 EDT" duration-ms="107" status="PASS">
          <reporter-output>
          </reporter-output>
        </test-method> <!-- endDriver -->
      </class> <!-- testCase.Registration -->
    </test> <!-- Default test -->
  </suite> <!-- Default suite -->
</testng-results>
