<?xml version="1.0" encoding="UTF-8"?>
<!-- Generated by org.testng.reporters.JUnitXMLReporter -->
<testsuite ignored="0" hostname="birendras-MacBook-Air.local" failures="1" tests="1" name="verifyLogin" time="0.003" errors="0" timestamp="2020-06-06T23:15:34 EDT">
  <testcase classname="testCase.VerifyLoginPage" name="verifyLoginPage" time="0.001">
    <failure type="java.lang.IllegalArgumentException" message="Cannot find elements when the XPath is null.">
      <![CDATA[java.lang.IllegalArgumentException: Cannot find elements when the XPath is null.
at org.openqa.selenium.By$ByXPath.<init>(By.java:339)
at org.openqa.selenium.By.xpath(By.java:92)
at testCase.VerifyLoginPage.verifyLoginPage(VerifyLoginPage.java:22)
at java.base/java.util.concurrent.ThreadPoolExecutor.runWorker(ThreadPoolExecutor.java:1130)
at java.base/java.util.concurrent.ThreadPoolExecutor$Worker.run(ThreadPoolExecutor.java:630)
at java.base/java.lang.Thread.run(Thread.java:832)
... Removed 12 stack frames]]>
    </failure>
  </testcase> <!-- verifyLoginPage -->
</testsuite> <!-- verifyLogin -->
