<?xml version="1.0" encoding="UTF-8"?>
<testsuite name="parameter"
           tests="4"
           failures="0"
           errors="0"
           skipped="0"
           time="91.937">
  <properties />
  
  
            <testcase name="parameter" time="23.555" classname="testCase.Parameter" />
                <testcase name="parameter" time="23.577" classname="testCase.Parameter" />
                <testcase name="parameter" time="22.455" classname="testCase.Parameter" />
                <testcase name="parameter" time="22.350" classname="testCase.Parameter" />
      
</testsuite>
