<?xml version="1.0" encoding="UTF-8"?>
<!-- Generated by org.testng.reporters.JUnitXMLReporter -->
<testsuite ignored="0" hostname="birendras-MacBook-Air.local" failures="0" tests="1" name="Default test" time="0.04" errors="0" timestamp="2020-05-27T16:09:47 EDT">
  <testcase classname="base.TestBase" name="@BeforeSuite startDriver" time="1.292">
    <failure type="org.openqa.selenium.SessionNotCreatedException" message="session not created: This version of ChromeDriver only supports Chrome version 81
Build info: version: &amp;apos;3.141.59&amp;apos;, revision: &amp;apos;e82be7d358&amp;apos;, time: &amp;apos;2018-11-14T08:17:03&amp;apos;
System info: host: &amp;apos;birendras-MacBook-Air.local&amp;apos;, ip: &amp;apos;2601:586:8003:8830:0:0:0:db9f%en0&amp;apos;, os.name: &amp;apos;Mac OS X&amp;apos;, os.arch: &amp;apos;x86_64&amp;apos;, os.version: &amp;apos;10.15.4&amp;apos;, java.version: &amp;apos;14.0.1&amp;apos;
Driver info: driver.version: ChromeDriver
remote stacktrace: 0   chromedriver                        0x0000000107049789 chromedriver + 4671369
1   chromedriver                        0x0000000106fe45d3 chromedriver + 4257235
2   chromedriver                        0x0000000106c8e00f chromedriver + 757775
3   chromedriver                        0x0000000106bedfc9 chromedriver + 102345
4   chromedriver                        0x0000000106bea1fc chromedriver + 86524
5   chromedriver                        0x0000000106c19403 chromedriver + 279555
6   chromedriver                        0x0000000106c16213 chromedriver + 266771
7   chromedriver                        0x0000000106bf021d chromedriver + 111133
8   chromedriver                        0x0000000106bf11c5 chromedriver + 115141
9   chromedriver                        0x000000010700c03f chromedriver + 4419647
10  chromedriver                        0x0000000107018cda chromedriver + 4472026
11  chromedriver                        0x0000000107018a77 chromedriver + 4471415
12  chromedriver                        0x0000000106ff0189 chromedriver + 4305289
13  chromedriver                        0x0000000107019587 chromedriver + 4474247
14  chromedriver                        0x0000000107001dc7 chromedriver + 4378055
15  chromedriver                        0x000000010702f7f4 chromedriver + 4564980
16  chromedriver                        0x000000010704f717 chromedriver + 4695831
17  libsystem_pthread.dylib             0x00007fff712ce109 _pthread_start + 148
18  libsystem_pthread.dylib             0x00007fff712c9b8b thread_start + 15
">
      <![CDATA[org.openqa.selenium.SessionNotCreatedException: session not created: This version of ChromeDriver only supports Chrome version 81
Build info: version: '3.141.59', revision: 'e82be7d358', time: '2018-11-14T08:17:03'
System info: host: 'birendras-MacBook-Air.local', ip: '2601:586:8003:8830:0:0:0:db9f%en0', os.name: 'Mac OS X', os.arch: 'x86_64', os.version: '10.15.4', java.version: '14.0.1'
Driver info: driver.version: ChromeDriver
remote stacktrace: 0   chromedriver                        0x0000000107049789 chromedriver + 4671369
1   chromedriver                        0x0000000106fe45d3 chromedriver + 4257235
2   chromedriver                        0x0000000106c8e00f chromedriver + 757775
3   chromedriver                        0x0000000106bedfc9 chromedriver + 102345
4   chromedriver                        0x0000000106bea1fc chromedriver + 86524
5   chromedriver                        0x0000000106c19403 chromedriver + 279555
6   chromedriver                        0x0000000106c16213 chromedriver + 266771
7   chromedriver                        0x0000000106bf021d chromedriver + 111133
8   chromedriver                        0x0000000106bf11c5 chromedriver + 115141
9   chromedriver                        0x000000010700c03f chromedriver + 4419647
10  chromedriver                        0x0000000107018cda chromedriver + 4472026
11  chromedriver                        0x0000000107018a77 chromedriver + 4471415
12  chromedriver                        0x0000000106ff0189 chromedriver + 4305289
13  chromedriver                        0x0000000107019587 chromedriver + 4474247
14  chromedriver                        0x0000000107001dc7 chromedriver + 4378055
15  chromedriver                        0x000000010702f7f4 chromedriver + 4564980
16  chromedriver                        0x000000010704f717 chromedriver + 4695831
17  libsystem_pthread.dylib             0x00007fff712ce109 _pthread_start + 148
18  libsystem_pthread.dylib             0x00007fff712c9b8b thread_start + 15

at java.base/jdk.internal.reflect.NativeConstructorAccessorImpl.newInstance0(Native Method)
at java.base/jdk.internal.reflect.NativeConstructorAccessorImpl.newInstance(NativeConstructorAccessorImpl.java:62)
at java.base/jdk.internal.reflect.DelegatingConstructorAccessorImpl.newInstance(DelegatingConstructorAccessorImpl.java:45)
at java.base/java.lang.reflect.Constructor.newInstanceWithCaller(Constructor.java:500)
at java.base/java.lang.reflect.Constructor.newInstance(Constructor.java:481)
at org.openqa.selenium.remote.W3CHandshakeResponse.lambda$errorHandler$0(W3CHandshakeResponse.java:62)
at org.openqa.selenium.remote.HandshakeResponse.lambda$getResponseFunction$0(HandshakeResponse.java:30)
at org.openqa.selenium.remote.ProtocolHandshake.lambda$createSession$0(ProtocolHandshake.java:126)
at java.base/java.util.stream.ReferencePipeline$3$1.accept(ReferencePipeline.java:195)
at java.base/java.util.Spliterators$ArraySpliterator.tryAdvance(Spliterators.java:958)
at java.base/java.util.stream.ReferencePipeline.forEachWithCancel(ReferencePipeline.java:127)
at java.base/java.util.stream.AbstractPipeline.copyIntoWithCancel(AbstractPipeline.java:502)
at java.base/java.util.stream.AbstractPipeline.copyInto(AbstractPipeline.java:488)
at java.base/java.util.stream.AbstractPipeline.wrapAndCopyInto(AbstractPipeline.java:474)
at java.base/java.util.stream.FindOps$FindOp.evaluateSequential(FindOps.java:150)
at java.base/java.util.stream.AbstractPipeline.evaluate(AbstractPipeline.java:234)
at java.base/java.util.stream.ReferencePipeline.findFirst(ReferencePipeline.java:543)
at org.openqa.selenium.remote.ProtocolHandshake.createSession(ProtocolHandshake.java:128)
at org.openqa.selenium.remote.ProtocolHandshake.createSession(ProtocolHandshake.java:74)
at org.openqa.selenium.remote.HttpCommandExecutor.execute(HttpCommandExecutor.java:136)
at org.openqa.selenium.remote.service.DriverCommandExecutor.execute(DriverCommandExecutor.java:83)
at org.openqa.selenium.remote.RemoteWebDriver.execute(RemoteWebDriver.java:552)
at org.openqa.selenium.remote.RemoteWebDriver.startSession(RemoteWebDriver.java:213)
at org.openqa.selenium.remote.RemoteWebDriver.<init>(RemoteWebDriver.java:131)
at org.openqa.selenium.chrome.ChromeDriver.<init>(ChromeDriver.java:181)
at org.openqa.selenium.chrome.ChromeDriver.<init>(ChromeDriver.java:168)
at org.openqa.selenium.chrome.ChromeDriver.<init>(ChromeDriver.java:123)
at base.TestBase.startDriver(TestBase.java:52)
at java.base/jdk.internal.reflect.NativeMethodAccessorImpl.invoke0(Native Method)
at java.base/jdk.internal.reflect.NativeMethodAccessorImpl.invoke(NativeMethodAccessorImpl.java:62)
at java.base/jdk.internal.reflect.DelegatingMethodAccessorImpl.invoke(DelegatingMethodAccessorImpl.java:43)
at java.base/java.lang.reflect.Method.invoke(Method.java:564)
at org.testng.internal.MethodInvocationHelper.invokeMethod(MethodInvocationHelper.java:134)
at org.testng.internal.MethodInvocationHelper.invokeMethodConsideringTimeout(MethodInvocationHelper.java:63)
at org.testng.internal.ConfigInvoker.invokeConfigurationMethod(ConfigInvoker.java:348)
at org.testng.internal.ConfigInvoker.invokeConfigurations(ConfigInvoker.java:302)
at org.testng.SuiteRunner.privateRun(SuiteRunner.java:327)
at org.testng.SuiteRunner.run(SuiteRunner.java:286)
at org.testng.SuiteRunnerWorker.runSuite(SuiteRunnerWorker.java:53)
at org.testng.SuiteRunnerWorker.run(SuiteRunnerWorker.java:96)
at org.testng.TestNG.runSuitesSequentially(TestNG.java:1187)
at org.testng.TestNG.runSuitesLocally(TestNG.java:1109)
at org.testng.TestNG.runSuites(TestNG.java:1039)
at org.testng.TestNG.run(TestNG.java:1007)
at org.testng.remote.AbstractRemoteTestNG.run(AbstractRemoteTestNG.java:115)
at org.testng.remote.RemoteTestNG.initAndRun(RemoteTestNG.java:251)
at org.testng.remote.RemoteTestNG.main(RemoteTestNG.java:77)
]]>
    </failure>
  </testcase> <!-- @BeforeSuite startDriver -->
  <testcase classname="testCase.Login" name="loginUser" time="0.0">
    <skipped/>
  </testcase> <!-- loginUser -->
</testsuite> <!-- Default test -->
